<?xml version="1.0" encoding="UTF-8"?>
<!-- Generated by org.testng.reporters.JUnitReportReporter -->
<testsuite hostname="Ravn05s-MacBook-Pro.local" failures="0" tests="3" name="tests.LibraryTests" time="19.824" errors="0" timestamp="2023-03-03T15:04:28 CST" skipped="0">
  <testcase classname="tests.LibraryTests" name="switchLanguagePortuguese" time="7.152"/>
  <system-out/>
  <testcase classname="tests.LibraryTests" name="checkLibraryPageUIComponents" time="7.206"/>
  <system-out/>
  <testcase classname="tests.LibraryTests" name="switchLanguageSpanish" time="5.466"/>
  <system-out/>
</testsuite> <!-- tests.LibraryTests -->
