<?xml version="1.0" encoding="UTF-8"?>
<!-- Generated by org.testng.reporters.JUnitReportReporter -->
<testsuite hostname="Ravn05s-MacBook-Pro.local" failures="0" tests="2" name="tests.SearchTests" time="19.602" errors="0" timestamp="2023-03-03T15:04:28 CST" skipped="0">
  <testcase classname="tests.SearchTests" name="searchSongRegularCharacters" time="13.806"/>
  <system-out/>
  <testcase classname="tests.SearchTests" name="searchSongSpecialCharacters" time="5.796"/>
  <system-out/>
</testsuite> <!-- tests.SearchTests -->
